[2020-02-03 13:14:44.805][INFO ][com.nuri.emi.fep.ParserTest][logStarting:50] - Starting ParserTest on NURI-PC with PID 14400 (started by NURI in E:\kyunghee.yoon\workspace_NURI_LWM2M\emi-fep-server)
[2020-02-03 13:14:44.818][DEBUG][com.nuri.emi.fep.ParserTest][logStarting:53] - Running with Spring Boot v2.1.6.RELEASE, Spring v5.1.8.RELEASE
[2020-02-03 13:14:44.819][INFO ][com.nuri.emi.fep.ParserTest][logStartupProfileInfo:646] - No active profile set, falling back to default profiles: default
[2020-02-03 13:14:51.186][INFO ][c.n.emi.config.DatabaseConfiguration][dataSource:31] - datasource : HikariDataSource (HikariPool-1)
[2020-02-03 13:14:54.630][INFO ][com.nuri.emi.fep.ParserTest][logStarted:59] - Started ParserTest in 10.4 seconds (JVM running for 11.943)
[2020-02-03 13:14:55.473][DEBUG][com.nuri.emi.fep.parser.MDDataParser][parseMeterInfo:66] - ITIME : 20200117140650
[2020-02-03 13:14:55.473][DEBUG][com.nuri.emi.fep.parser.MDDataParser][setMeterModel:451] - setMeterModel vendorCd : [25] modelCd : [19]
[2020-02-03 13:14:55.476][DEBUG][com.nuri.emi.fep.parser.MDDataParser][parser:84] - [0100630100FF000702003D020A060000A59D0600000000060000BDB406000191AF090C07E30C0107031E00FF80000104181C00040600000000060000000006000000000600000000]
[2020-02-03 13:14:55.479][DEBUG][com.nuri.emi.fep.parser.MDDataParser][parser:134] - OBIS[0100630100FF] CLASS[7] ATTR[2] LENGTH[61] TAGDATA=[020A060000A59D0600000000060000BDB406000191AF090C07E30C0107031E00FF80000104181C00040600000000060000000006000000000600000000]
[2020-02-03 13:14:55.480][DEBUG][com.nuri.emi.fep.parser.DLMSTable][parseDlmsTag:80] - LEN[61] POS[0]
[2020-02-03 13:14:55.642][DEBUG][com.nuri.emi.fep.parser.DLMSTable][parseDlmsTag:120] - TAG[Structure] LENGTH[1] DATA[0A] VALUE[0A]
[2020-02-03 13:14:55.642][DEBUG][com.nuri.emi.fep.parser.DLMSTable][parseDlmsTag:80] - LEN[61] POS[2]
[2020-02-03 13:14:55.642][DEBUG][com.nuri.emi.fep.parser.DLMSTable][parseDlmsTag:120] - TAG[UINT32] LENGTH[4] DATA[0000A59D] VALUE[42397]
[2020-02-03 13:14:55.643][DEBUG][com.nuri.emi.fep.parser.DLMSTable][parseDlmsTag:80] - LEN[61] POS[7]
[2020-02-03 13:14:55.643][DEBUG][com.nuri.emi.fep.parser.DLMSTable][parseDlmsTag:120] - TAG[UINT32] LENGTH[4] DATA[00000000] VALUE[0]
[2020-02-03 13:14:55.644][DEBUG][com.nuri.emi.fep.parser.DLMSTable][parseDlmsTag:80] - LEN[61] POS[12]
[2020-02-03 13:14:55.644][DEBUG][com.nuri.emi.fep.parser.DLMSTable][parseDlmsTag:120] - TAG[UINT32] LENGTH[4] DATA[0000BDB4] VALUE[48564]
[2020-02-03 13:14:55.645][DEBUG][com.nuri.emi.fep.parser.DLMSTable][parseDlmsTag:80] - LEN[61] POS[17]
[2020-02-03 13:14:55.645][DEBUG][com.nuri.emi.fep.parser.DLMSTable][parseDlmsTag:120] - TAG[UINT32] LENGTH[4] DATA[000191AF] VALUE[102831]
[2020-02-03 13:14:55.645][DEBUG][com.nuri.emi.fep.parser.DLMSTable][parseDlmsTag:80] - LEN[61] POS[22]
[2020-02-03 13:14:55.646][DEBUG][com.nuri.emi.fep.parser.DLMSTable][parseDlmsTag:120] - TAG[OctetString] LENGTH[12] DATA[07E30C0107031E00FF800001] VALUE[07E30C0107031E00FF800001]
[2020-02-03 13:14:55.646][DEBUG][com.nuri.emi.fep.parser.DLMSTable][parseDlmsTag:80] - LEN[61] POS[36]
[2020-02-03 13:14:55.646][DEBUG][com.nuri.emi.fep.parser.DLMSTable][parseDlmsTag:120] - TAG[BitString] LENGTH[4] DATA[181C0004] VALUE[181C0004]
[2020-02-03 13:14:55.647][DEBUG][com.nuri.emi.fep.parser.DLMSTable][parseDlmsTag:80] - LEN[61] POS[41]
[2020-02-03 13:14:55.647][DEBUG][com.nuri.emi.fep.parser.DLMSTable][parseDlmsTag:120] - TAG[UINT32] LENGTH[4] DATA[00000000] VALUE[0]
[2020-02-03 13:14:55.647][DEBUG][com.nuri.emi.fep.parser.DLMSTable][parseDlmsTag:80] - LEN[61] POS[46]
[2020-02-03 13:14:55.648][DEBUG][com.nuri.emi.fep.parser.DLMSTable][parseDlmsTag:120] - TAG[UINT32] LENGTH[4] DATA[00000000] VALUE[0]
[2020-02-03 13:14:55.648][DEBUG][com.nuri.emi.fep.parser.DLMSTable][parseDlmsTag:80] - LEN[61] POS[51]
[2020-02-03 13:14:55.648][DEBUG][com.nuri.emi.fep.parser.DLMSTable][parseDlmsTag:120] - TAG[UINT32] LENGTH[4] DATA[00000000] VALUE[0]
[2020-02-03 13:14:55.649][DEBUG][com.nuri.emi.fep.parser.DLMSTable][parseDlmsTag:80] - LEN[61] POS[56]
[2020-02-03 13:14:55.649][DEBUG][com.nuri.emi.fep.parser.DLMSTable][parseDlmsTag:120] - TAG[UINT32] LENGTH[4] DATA[00000000] VALUE[0]
[2020-02-03 13:14:55.649][DEBUG][com.nuri.emi.fep.parser.DLMSTable][getData:136] - CLAZZ[PROFILE_GENERIC] ATTR[PROFILE_GENERIC_ATTR02] OBIS[ENERGY_LOAD_PROFILE] TAG_SIZE[11]
[2020-02-03 13:14:55.650][DEBUG][com.nuri.emi.fep.parser.DLMSTable][getOBIS_CODE_LOAD_PROFILE:371] - DATA_NAME[Channel[1]-0] VALUE[42397]
[2020-02-03 13:14:55.651][DEBUG][com.nuri.emi.fep.parser.DLMSTable][getOBIS_CODE_LOAD_PROFILE:371] - DATA_NAME[Channel[2]-0] VALUE[0]
[2020-02-03 13:14:55.651][DEBUG][com.nuri.emi.fep.parser.DLMSTable][getOBIS_CODE_LOAD_PROFILE:371] - DATA_NAME[Channel[3]-0] VALUE[48564]
[2020-02-03 13:14:55.652][DEBUG][com.nuri.emi.fep.parser.DLMSTable][getOBIS_CODE_LOAD_PROFILE:371] - DATA_NAME[Channel[4]-0] VALUE[102831]
[2020-02-03 13:14:55.675][DEBUG][com.nuri.emi.fep.parser.DLMSTable][getDateTime:471] - getDateTime[201912010330]
[2020-02-03 13:14:55.676][DEBUG][com.nuri.emi.fep.parser.DLMSTable][getOBIS_CODE_LOAD_PROFILE:342] - DATA_NAME[DateTime-0] VALUE[201912010330]
[2020-02-03 13:14:55.676][DEBUG][com.nuri.emi.fep.parser.DLMSTable][getOBIS_CODE_LOAD_PROFILE:361] - DATA_NAME[Status-0] VALUE[00011000000111000000000000000100]
[2020-02-03 13:14:55.677][DEBUG][com.nuri.emi.fep.parser.DLMSTable][getOBIS_CODE_LOAD_PROFILE:371] - DATA_NAME[Channel[5]-0] VALUE[0]
[2020-02-03 13:14:55.678][DEBUG][com.nuri.emi.fep.parser.DLMSTable][getOBIS_CODE_LOAD_PROFILE:371] - DATA_NAME[Channel[6]-0] VALUE[0]
[2020-02-03 13:14:55.678][DEBUG][com.nuri.emi.fep.parser.DLMSTable][getOBIS_CODE_LOAD_PROFILE:371] - DATA_NAME[Channel[7]-0] VALUE[0]
[2020-02-03 13:14:55.678][DEBUG][com.nuri.emi.fep.parser.DLMSTable][getOBIS_CODE_LOAD_PROFILE:371] - DATA_NAME[Channel[8]-0] VALUE[0]
[2020-02-03 13:14:55.679][DEBUG][com.nuri.emi.fep.parser.MDDataParser][setLpData:285] - read_dt 201912010330
[2020-02-03 13:14:55.681][DEBUG][com.nuri.emi.fep.parser.MDDataParser][setLpData:312] - meterType [AET1P2W50A] : [ET1P2W40A]
